<?xml version="1.0" encoding="UTF-8"?>
<testng-results ignored="3" total="5" passed="2" failed="0" skipped="0">
  <reporter-output>
  </reporter-output>
  <suite started-at="2025-05-18T18:38:58 EDT" name="Default suite" finished-at="2025-05-18T18:39:24 EDT" duration-ms="26232">
    <groups>
    </groups>
    <test started-at="2025-05-18T18:38:58 EDT" name="Default test" finished-at="2025-05-18T18:39:24 EDT" duration-ms="26232">
      <class name="LogingTest.Login">
        <test-method signature="LoginTest()[pri:1, instance:LogingTest.Login@1151e434]" started-at="2025-05-18T18:38:58 EDT" name="LoginTest" finished-at="2025-05-18T18:39:04 EDT" duration-ms="6030" status="PASS">
          <reporter-output>
          </reporter-output>
        </test-method> <!-- LoginTest -->
        <test-method signature="addUserTest()[pri:3, instance:LogingTest.Login@1151e434]" started-at="2025-05-18T18:39:04 EDT" name="addUserTest" finished-at="2025-05-18T18:39:24 EDT" depends-on-methods="LogingTest.Login.LoginTest" duration-ms="20164" status="PASS">
          <reporter-output>
          </reporter-output>
        </test-method> <!-- addUserTest -->
      </class> <!-- LogingTest.Login -->
    </test> <!-- Default test -->
  </suite> <!-- Default suite -->
</testng-results>
