<?xml version="1.0" encoding="UTF-8"?>
<!-- Generated by org.testng.reporters.JUnitXMLReporter -->
<testsuite ignored="4" hostname="Chiku-Chinu" failures="0" tests="1" name="Default test" time="13.623" errors="0" timestamp="2025-04-08T20:25:36 EDT">
  <testcase classname="com.Automation.Tests.AccountTest" name="TC10_CreateAccount" time="9.667"/>
  <testcase classname="com.Automation.Tests.AccountTest" name="TC11_CreateNewView" time="0.0">
    <ignored/>
  </testcase> <!-- TC11_CreateNewView -->
  <testcase classname="com.Automation.Tests.AccountTest" name="TC13_MergeAccount" time="0.0">
    <ignored/>
  </testcase> <!-- TC13_MergeAccount -->
  <testcase classname="com.Automation.Tests.AccountTest" name="TC12_EditView" time="0.0">
    <ignored/>
  </testcase> <!-- TC12_EditView -->
  <testcase classname="com.Automation.Tests.AccountTest" name="TC14_CreateAccountReport" time="0.0">
    <ignored/>
  </testcase> <!-- TC14_CreateAccountReport -->
</testsuite> <!-- Default test -->
