<?xml version="1.0" encoding="UTF-8"?>
<!-- Generated by org.testng.reporters.JUnitXMLReporter -->
<testsuite ignored="0" hostname="Chiku-Chinu" failures="0" tests="5" name="Test" time="42.821" errors="0" timestamp="2025-04-01T03:32:59 EDT">
  <testcase classname="com.Automation.Tests.LeadsTest" name="TC20_leadsTab" time="3.189"/>
  <testcase classname="com.Automation.Tests.LeadsTest" name="TC21_validateLeadsDropdown" time="3.301"/>
  <testcase classname="com.Automation.Tests.LeadsTest" name="TC22_defaultView" time="6.653"/>
  <testcase classname="com.Automation.Tests.LeadsTest" name="TC23_TodaysLeads" time="3.948"/>
  <testcase classname="com.Automation.Tests.LeadsTest" name="TC24_ClickNew" time="6.609"/>
</testsuite> <!-- Test -->
