<?xml version="1.0" encoding="UTF-8"?>
<testng-results ignored="0" total="8" passed="8" failed="0" skipped="0">
  <reporter-output>
  </reporter-output>
  <suite started-at="2025-05-18T17:23:47 EDT" name="Default suite" finished-at="2025-05-18T17:25:29 EDT" duration-ms="101526">
    <groups>
      <group name="cucumber">
        <method signature="AbstractTestNGCucumberTests.runScenario(io.cucumber.testng.PickleWrapper,io.cucumber.testng.FeatureWrapper)[pri:0, instance:com.Automation.Runners.SimpleRunner@6f53b8a]" name="runScenario" class="io.cucumber.testng.AbstractTestNGCucumberTests"/>
      </group> <!-- cucumber -->
    </groups>
    <test started-at="2025-05-18T17:23:47 EDT" name="Default test" finished-at="2025-05-18T17:25:29 EDT" duration-ms="101526">
      <class name="com.Automation.Runners.SimpleRunner">
        <test-method is-config="true" signature="setUpClass(org.testng.ITestContext)[pri:0, instance:com.Automation.Runners.SimpleRunner@6f53b8a]" started-at="2025-05-18T17:23:47 EDT" name="setUpClass" finished-at="2025-05-18T17:23:47 EDT" duration-ms="181" status="PASS">
          <params>
            <param index="0">
              <value>
                <![CDATA[org.testng.TestRunner@72a7aa4f]]>
              </value>
            </param>
          </params>
          <reporter-output>
          </reporter-output>
        </test-method> <!-- setUpClass -->
        <test-method signature="runScenario(io.cucumber.testng.PickleWrapper,io.cucumber.testng.FeatureWrapper)[pri:0, instance:com.Automation.Runners.SimpleRunner@6f53b8a]" started-at="2025-05-18T17:23:47 EDT" name="runScenario" description="Runs Cucumber Scenarios" data-provider="scenarios" finished-at="2025-05-18T17:24:04 EDT" duration-ms="16039" status="PASS">
          <params>
            <param index="0">
              <value>
                <![CDATA["UserMenu List Verification"]]>
              </value>
            </param>
            <param index="1">
              <value>
                <![CDATA["Implemeting the User menu dropdown functionality"]]>
              </value>
            </param>
          </params>
          <reporter-output>
          </reporter-output>
        </test-method> <!-- runScenario -->
        <test-method signature="runScenario(io.cucumber.testng.PickleWrapper,io.cucumber.testng.FeatureWrapper)[pri:0, instance:com.Automation.Runners.SimpleRunner@6f53b8a]" started-at="2025-05-18T17:24:04 EDT" name="runScenario" description="Runs Cucumber Scenarios" data-provider="scenarios" finished-at="2025-05-18T17:24:19 EDT" duration-ms="15545" status="PASS">
          <params>
            <param index="0">
              <value>
                <![CDATA["Select Logout option from user menu"]]>
              </value>
            </param>
            <param index="1">
              <value>
                <![CDATA["Implemeting the User menu dropdown functionality"]]>
              </value>
            </param>
          </params>
          <reporter-output>
          </reporter-output>
        </test-method> <!-- runScenario -->
        <test-method signature="runScenario(io.cucumber.testng.PickleWrapper,io.cucumber.testng.FeatureWrapper)[pri:0, instance:com.Automation.Runners.SimpleRunner@6f53b8a]" started-at="2025-05-18T17:24:19 EDT" name="runScenario" description="Runs Cucumber Scenarios" data-provider="scenarios" finished-at="2025-05-18T17:24:44 EDT" duration-ms="24576" status="PASS">
          <params>
            <param index="0">
              <value>
                <![CDATA["Select Developers Console option from user menu"]]>
              </value>
            </param>
            <param index="1">
              <value>
                <![CDATA["Implemeting the User menu dropdown functionality"]]>
              </value>
            </param>
          </params>
          <reporter-output>
          </reporter-output>
        </test-method> <!-- runScenario -->
        <test-method signature="runScenario(io.cucumber.testng.PickleWrapper,io.cucumber.testng.FeatureWrapper)[pri:0, instance:com.Automation.Runners.SimpleRunner@6f53b8a]" started-at="2025-05-18T17:24:44 EDT" name="runScenario" description="Runs Cucumber Scenarios" data-provider="scenarios" finished-at="2025-05-18T17:24:51 EDT" duration-ms="7145" status="PASS">
          <params>
            <param index="0">
              <value>
                <![CDATA["Successful login"]]>
              </value>
            </param>
            <param index="1">
              <value>
                <![CDATA["Implemeting the login functionality"]]>
              </value>
            </param>
          </params>
          <reporter-output>
          </reporter-output>
        </test-method> <!-- runScenario -->
        <test-method signature="runScenario(io.cucumber.testng.PickleWrapper,io.cucumber.testng.FeatureWrapper)[pri:0, instance:com.Automation.Runners.SimpleRunner@6f53b8a]" started-at="2025-05-18T17:24:51 EDT" name="runScenario" description="Runs Cucumber Scenarios" data-provider="scenarios" finished-at="2025-05-18T17:25:05 EDT" duration-ms="14441" status="PASS">
          <params>
            <param index="0">
              <value>
                <![CDATA["RememberMe login"]]>
              </value>
            </param>
            <param index="1">
              <value>
                <![CDATA["Implemeting the login functionality"]]>
              </value>
            </param>
          </params>
          <reporter-output>
          </reporter-output>
        </test-method> <!-- runScenario -->
        <test-method signature="runScenario(io.cucumber.testng.PickleWrapper,io.cucumber.testng.FeatureWrapper)[pri:0, instance:com.Automation.Runners.SimpleRunner@6f53b8a]" started-at="2025-05-18T17:25:05 EDT" name="runScenario" description="Runs Cucumber Scenarios" data-provider="scenarios" finished-at="2025-05-18T17:25:14 EDT" duration-ms="8627" status="PASS">
          <params>
            <param index="0">
              <value>
                <![CDATA["Test forgot password"]]>
              </value>
            </param>
            <param index="1">
              <value>
                <![CDATA["Implemeting the login functionality"]]>
              </value>
            </param>
          </params>
          <reporter-output>
          </reporter-output>
        </test-method> <!-- runScenario -->
        <test-method signature="runScenario(io.cucumber.testng.PickleWrapper,io.cucumber.testng.FeatureWrapper)[pri:0, instance:com.Automation.Runners.SimpleRunner@6f53b8a]" started-at="2025-05-18T17:25:14 EDT" name="runScenario" description="Runs Cucumber Scenarios" data-provider="scenarios" finished-at="2025-05-18T17:25:21 EDT" duration-ms="7461" status="PASS">
          <params>
            <param index="0">
              <value>
                <![CDATA["Validate Login Errormsg"]]>
              </value>
            </param>
            <param index="1">
              <value>
                <![CDATA["Implemeting the login functionality"]]>
              </value>
            </param>
          </params>
          <reporter-output>
          </reporter-output>
        </test-method> <!-- runScenario -->
        <test-method signature="runScenario(io.cucumber.testng.PickleWrapper,io.cucumber.testng.FeatureWrapper)[pri:0, instance:com.Automation.Runners.SimpleRunner@6f53b8a]" started-at="2025-05-18T17:25:21 EDT" name="runScenario" description="Runs Cucumber Scenarios" data-provider="scenarios" finished-at="2025-05-18T17:25:29 EDT" duration-ms="7451" status="PASS">
          <params>
            <param index="0">
              <value>
                <![CDATA["Password Error msg"]]>
              </value>
            </param>
            <param index="1">
              <value>
                <![CDATA["Implemeting the login functionality"]]>
              </value>
            </param>
          </params>
          <reporter-output>
          </reporter-output>
        </test-method> <!-- runScenario -->
        <test-method is-config="true" signature="tearDownClass()[pri:0, instance:com.Automation.Runners.SimpleRunner@6f53b8a]" started-at="2025-05-18T17:25:29 EDT" name="tearDownClass" finished-at="2025-05-18T17:25:29 EDT" duration-ms="2" status="PASS">
          <reporter-output>
          </reporter-output>
        </test-method> <!-- tearDownClass -->
      </class> <!-- com.Automation.Runners.SimpleRunner -->
    </test> <!-- Default test -->
  </suite> <!-- Default suite -->
</testng-results>
