<?xml version="1.0" encoding="UTF-8"?>
<!-- Generated by org.testng.reporters.JUnitXMLReporter -->
<testsuite ignored="4" hostname="Chiku-Chinu" failures="0" tests="1" name="Default test" time="51.514" errors="0" timestamp="2025-04-07T22:32:42 EDT">
  <testcase classname="com.Automation.Tests.UsermenuDropdownTest" name="TC6_MyProfile_Usermenu" time="44.362"/>
  <testcase classname="com.Automation.Tests.UsermenuDropdownTest" name="TC5_UserMenuListVerification" time="0.0">
    <ignored/>
  </testcase> <!-- TC5_UserMenuListVerification -->
  <testcase classname="com.Automation.Tests.UsermenuDropdownTest" name="TC9_Logout" time="0.0">
    <ignored/>
  </testcase> <!-- TC9_Logout -->
  <testcase classname="com.Automation.Tests.UsermenuDropdownTest" name="TC7_MySettings_Usermenu" time="0.0">
    <ignored/>
  </testcase> <!-- TC7_MySettings_Usermenu -->
  <testcase classname="com.Automation.Tests.UsermenuDropdownTest" name="TC8_DeveloperConsole" time="0.0">
    <ignored/>
  </testcase> <!-- TC8_DeveloperConsole -->
</testsuite> <!-- Default test -->
