<?xml version="1.0" encoding="UTF-8"?>
<!-- Generated by org.testng.reporters.JUnitXMLReporter -->
<testsuite ignored="3" hostname="Chiku-Chinu" failures="0" tests="2" name="Default test" time="26.232" errors="0" timestamp="2025-05-18T18:39:24 EDT">
  <testcase classname="LogingTest.Login" name="LoginTest" time="6.03"/>
  <testcase classname="LogingTest.Login" name="addUserTest" time="20.164"/>
  <testcase classname="LogingTest.Login" name="deleteUserTest" time="0.0">
    <ignored/>
  </testcase> <!-- deleteUserTest -->
  <testcase classname="LogingTest.Login" name="getUsersTest" time="0.0">
    <ignored/>
  </testcase> <!-- getUsersTest -->
  <testcase classname="LogingTest.Login" name="updateUserTest" time="0.0">
    <ignored/>
  </testcase> <!-- updateUserTest -->
</testsuite> <!-- Default test -->
