<?xml version="1.0" encoding="UTF-8"?>
<testng-results ignored="0" total="1" passed="1" failed="0" skipped="0">
  <reporter-output>
  </reporter-output>
  <suite started-at="2025-05-10T00:51:26 EDT" name="Default suite" finished-at="2025-05-10T00:51:43 EDT" duration-ms="17209">
    <groups>
    </groups>
    <test started-at="2025-05-10T00:51:26 EDT" name="Default test" finished-at="2025-05-10T00:51:43 EDT" duration-ms="17209">
      <class name="Base.HomeTest">
        <test-method signature="fourthTest()[pri:0, instance:Base.HomeTest@433defed]" started-at="2025-05-10T00:51:26 EDT" name="fourthTest" finished-at="2025-05-10T00:51:43 EDT" duration-ms="17174" status="PASS">
          <reporter-output>
          </reporter-output>
        </test-method> <!-- fourthTest -->
      </class> <!-- Base.HomeTest -->
    </test> <!-- Default test -->
  </suite> <!-- Default suite -->
</testng-results>
