<?xml version="1.0" encoding="UTF-8"?>
<testng-results ignored="0" total="1" passed="1" failed="0" skipped="0">
  <reporter-output>
  </reporter-output>
  <suite started-at="2025-04-07T22:31:50 EDT" name="Default suite" finished-at="2025-04-07T22:32:42 EDT" duration-ms="51514">
    <groups>
    </groups>
    <test started-at="2025-04-07T22:31:50 EDT" name="Default test" finished-at="2025-04-07T22:32:42 EDT" duration-ms="51514">
      <class name="com.Automation.Tests.UsermenuDropdownTest">
        <test-method is-config="true" signature="FastMethod()[pri:0, instance:com.Automation.Tests.UsermenuDropdownTest@6d60fe40]" started-at="2025-04-07T22:31:50 EDT" name="FastMethod" finished-at="2025-04-07T22:31:53 EDT" duration-ms="2582" status="PASS">
          <reporter-output>
          </reporter-output>
        </test-method> <!-- FastMethod -->
        <test-method is-config="true" signature="TC5_UserMenuListVerification()[pri:0, instance:com.Automation.Tests.UsermenuDropdownTest@6d60fe40]" started-at="2025-04-07T22:31:53 EDT" name="TC5_UserMenuListVerification" finished-at="2025-04-07T22:31:56 EDT" duration-ms="2522" status="PASS">
          <reporter-output>
          </reporter-output>
        </test-method> <!-- TC5_UserMenuListVerification -->
        <test-method signature="TC6_MyProfile_Usermenu()[pri:0, instance:com.Automation.Tests.UsermenuDropdownTest@6d60fe40]" started-at="2025-04-07T22:31:56 EDT" name="TC6_MyProfile_Usermenu" finished-at="2025-04-07T22:32:40 EDT" duration-ms="44362" status="PASS">
          <reporter-output>
          </reporter-output>
        </test-method> <!-- TC6_MyProfile_Usermenu -->
        <test-method is-config="true" signature="LastMethod()[pri:0, instance:com.Automation.Tests.UsermenuDropdownTest@6d60fe40]" started-at="2025-04-07T22:32:40 EDT" name="LastMethod" finished-at="2025-04-07T22:32:42 EDT" duration-ms="2012" status="PASS">
          <reporter-output>
          </reporter-output>
        </test-method> <!-- LastMethod -->
      </class> <!-- com.Automation.Tests.UsermenuDropdownTest -->
    </test> <!-- Default test -->
  </suite> <!-- Default suite -->
</testng-results>
